<?xml version="1.0" encoding="UTF-8"?>
<testsuite xmlns:xsi="http://www.w3.org/2001/XMLSchema-instance" xsi:noNamespaceSchemaLocation="https://maven.apache.org/surefire/maven-surefire-plugin/xsd/surefire-test-report.xsd" name="com.com470.practica2.FactorialTest" time="0" tests="4" errors="0" skipped="0" failures="4">
  <properties>
[...]
</properties>
  <testcase name="testFactorial1" classname="com.com470.practica2.FactorialTest" time="0">
    <failure message="The test case is a prototype." type="java.lang.AssertionError">java.lang.AssertionError: The test case is a prototype.
	at com.com470.practica2.FactorialTest.testFactorial1(FactorialTest.java:30)
</failure>
  </testcase>
  <testcase name="testFactorial2" classname="com.com470.practica2.FactorialTest" time="0">
    <failure message="The test case is a prototype." type="java.lang.AssertionError">java.lang.AssertionError: The test case is a prototype.
	at com.com470.practica2.FactorialTest.testFactorial2(FactorialTest.java:34)
</failure>
  </testcase>
  <testcase name="testFactorial5" classname="com.com470.practica2.FactorialTest" time="0">
    <failure message="The test case is a prototype." type="java.lang.AssertionError">java.lang.AssertionError: The test case is a prototype.
	at com.com470.practica2.FactorialTest.testFactorial5(FactorialTest.java:38)
</failure>
  </testcase>
  <testcase name="testNegativo" classname="com.com470.practica2.FactorialTest" time="0">
    <failure message="The test case is a prototype." type="java.lang.AssertionError">java.lang.AssertionError: The test case is a prototype.
	at com.com470.practica2.FactorialTest.testNegativo(FactorialTest.java:42)
</failure>
  </testcase>
</testsuite>